<?xml version="1.0" encoding="UTF-8"?>
<testsuite xmlns:xsi="http://www.w3.org/2001/XMLSchema-instance" xsi:noNamespaceSchemaLocation="https://maven.apache.org/surefire/maven-surefire-plugin/xsd/surefire-test-report-3.0.xsd" version="3.0" name="com.example.workflowManagement.WorkflowManagementApplicationTests" time="2.529" tests="1" errors="0" skipped="0" failures="0">
  <properties>
[...]
</properties>
  <testcase name="contextLoads" classname="com.example.workflowManagement.WorkflowManagementApplicationTests" time="0.58">
    <system-out><![CDATA[13:06:40.049 [main] INFO org.springframework.test.context.support.AnnotationConfigContextLoaderUtils -- Could not detect default configuration classes for test class [com.example.workflowManagement.WorkflowManagementApplicationTests]: WorkflowManagementApplicationTests does not declare any static, non-private, non-final, nested classes annotated with @Configuration.
13:06:40.100 [main] INFO org.springframework.boot.test.context.SpringBootTestContextBootstrapper -- Found @SpringBootConfiguration com.example.workflowManagement.WorkflowManagementApplication for test class com.example.workflowManagement.WorkflowManagementApplicationTests

  .   ____          _            __ _ _
 /\\ / ___'_ __ _ _(_)_ __  __ _ \ \ \ \
( ( )\___ | '_ | '_| | '_ \/ _` | \ \ \ \
 \\/  ___)| |_)| | | | | || (_| |  ) ) ) )
  '  |____| .__|_| |_|_| |_\__, | / / / /
 =========|_|==============|___/=/_/_/_/

 :: Spring Boot ::                (v3.3.2)

2024-07-29T13:06:40.375+05:30  INFO 16761 --- [workflowManagement] [           main] c.e.w.WorkflowManagementApplicationTests : Starting WorkflowManagementApplicationTests using Java 22.0.2 with PID 16761 (started by anuj in /home/anuj/Downloads/learning_projects/workflow/Backend)
2024-07-29T13:06:40.376+05:30  INFO 16761 --- [workflowManagement] [           main] c.e.w.WorkflowManagementApplicationTests : No active profile set, falling back to 1 default profile: "default"
2024-07-29T13:06:40.708+05:30  INFO 16761 --- [workflowManagement] [           main] .s.d.r.c.RepositoryConfigurationDelegate : Bootstrapping Spring Data MongoDB repositories in DEFAULT mode.
2024-07-29T13:06:40.742+05:30  INFO 16761 --- [workflowManagement] [           main] .s.d.r.c.RepositoryConfigurationDelegate : Finished Spring Data repository scanning in 31 ms. Found 3 MongoDB repository interfaces.
2024-07-29T13:06:41.163+05:30  INFO 16761 --- [workflowManagement] [           main] org.mongodb.driver.client                : MongoClient with metadata {"application": {"name": "Cluster0"}, "driver": {"name": "mongo-java-driver|sync|spring-boot", "version": "5.0.1"}, "os": {"type": "Linux", "name": "Linux", "architecture": "amd64", "version": "6.5.0-45-generic"}, "platform": "Java/Oracle Corporation/22.0.2+9-70"} created with settings MongoClientSettings{readPreference=primary, writeConcern=WriteConcern{w=majority, wTimeout=null ms, journal=null}, retryWrites=true, retryReads=true, readConcern=ReadConcern{level=null}, credential=MongoCredential{mechanism=null, userName='kasyapaastha', source='admin', password=<hidden>, mechanismProperties=<hidden>}, transportSettings=null, commandListeners=[], codecRegistry=ProvidersCodecRegistry{codecProviders=[ValueCodecProvider{}, BsonValueCodecProvider{}, DBRefCodecProvider{}, DBObjectCodecProvider{}, DocumentCodecProvider{}, CollectionCodecProvider{}, IterableCodecProvider{}, MapCodecProvider{}, GeoJsonCodecProvider{}, GridFSFileCodecProvider{}, Jsr310CodecProvider{}, JsonObjectCodecProvider{}, BsonCodecProvider{}, EnumCodecProvider{}, com.mongodb.client.model.mql.ExpressionCodecProvider@6baf25d7, com.mongodb.Jep395RecordCodecProvider@57a6a933, com.mongodb.KotlinCodecProvider@5b5b59]}, loggerSettings=LoggerSettings{maxDocumentLength=1000}, clusterSettings={hosts=[127.0.0.1:27017], srvHost=cluster0.hudunkj.mongodb.net, srvServiceName=mongodb, mode=MULTIPLE, requiredClusterType=REPLICA_SET, requiredReplicaSetName='atlas-13syu1-shard-0', serverSelector='null', clusterListeners='[]', serverSelectionTimeout='30000 ms', localThreshold='15 ms'}, socketSettings=SocketSettings{connectTimeoutMS=10000, readTimeoutMS=0, receiveBufferSize=0, proxySettings=ProxySettings{host=null, port=null, username=null, password=null}}, heartbeatSocketSettings=SocketSettings{connectTimeoutMS=10000, readTimeoutMS=10000, receiveBufferSize=0, proxySettings=ProxySettings{host=null, port=null, username=null, password=null}}, connectionPoolSettings=ConnectionPoolSettings{maxSize=100, minSize=0, maxWaitTimeMS=120000, maxConnectionLifeTimeMS=0, maxConnectionIdleTimeMS=0, maintenanceInitialDelayMS=0, maintenanceFrequencyMS=60000, connectionPoolListeners=[], maxConnecting=2}, serverSettings=ServerSettings{heartbeatFrequencyMS=10000, minHeartbeatFrequencyMS=500, serverListeners='[]', serverMonitorListeners='[]'}, sslSettings=SslSettings{enabled=true, invalidHostNameAllowed=false, context=null}, applicationName='Cluster0', compressorList=[], uuidRepresentation=JAVA_LEGACY, serverApi=null, autoEncryptionSettings=null, dnsClient=null, inetAddressResolver=null, contextProvider=null}
2024-07-29T13:06:41.242+05:30  INFO 16761 --- [workflowManagement] [nkj.mongodb.net] org.mongodb.driver.cluster               : Adding discovered server ac-hcgwwvf-shard-00-02.hudunkj.mongodb.net:27017 to client view of cluster
2024-07-29T13:06:41.256+05:30  INFO 16761 --- [workflowManagement] [nkj.mongodb.net] org.mongodb.driver.cluster               : Adding discovered server ac-hcgwwvf-shard-00-00.hudunkj.mongodb.net:27017 to client view of cluster
2024-07-29T13:06:41.259+05:30  INFO 16761 --- [workflowManagement] [nkj.mongodb.net] org.mongodb.driver.cluster               : Adding discovered server ac-hcgwwvf-shard-00-01.hudunkj.mongodb.net:27017 to client view of cluster
2024-07-29T13:06:41.820+05:30  INFO 16761 --- [workflowManagement] [ngodb.net:27017] org.mongodb.driver.cluster               : Monitor thread successfully connected to server with description ServerDescription{address=ac-hcgwwvf-shard-00-01.hudunkj.mongodb.net:27017, type=REPLICA_SET_SECONDARY, state=CONNECTED, ok=true, minWireVersion=0, maxWireVersion=21, maxDocumentSize=16777216, logicalSessionTimeoutMinutes=30, roundTripTimeNanos=292166618, setName='atlas-13syu1-shard-0', canonicalAddress=ac-hcgwwvf-shard-00-01.hudunkj.mongodb.net:27017, hosts=[ac-hcgwwvf-shard-00-01.hudunkj.mongodb.net:27017, ac-hcgwwvf-shard-00-02.hudunkj.mongodb.net:27017, ac-hcgwwvf-shard-00-00.hudunkj.mongodb.net:27017], passives=[], arbiters=[], primary='ac-hcgwwvf-shard-00-02.hudunkj.mongodb.net:27017', tagSet=TagSet{[Tag{name='availabilityZone', value='aps1-az3'}, Tag{name='diskState', value='READY'}, Tag{name='nodeType', value='ELECTABLE'}, Tag{name='provider', value='AWS'}, Tag{name='region', value='AP_SOUTH_1'}, Tag{name='workloadType', value='OPERATIONAL'}]}, electionId=null, setVersion=28, topologyVersion=TopologyVersion{processId=66a401a2126dc323e3cd4619, counter=3}, lastWriteDate=Mon Jul 29 13:06:41 IST 2024, lastUpdateTimeNanos=18908728893749}
2024-07-29T13:06:41.820+05:30  INFO 16761 --- [workflowManagement] [ngodb.net:27017] org.mongodb.driver.cluster               : Monitor thread successfully connected to server with description ServerDescription{address=ac-hcgwwvf-shard-00-00.hudunkj.mongodb.net:27017, type=REPLICA_SET_SECONDARY, state=CONNECTED, ok=true, minWireVersion=0, maxWireVersion=21, maxDocumentSize=16777216, logicalSessionTimeoutMinutes=30, roundTripTimeNanos=308942268, setName='atlas-13syu1-shard-0', canonicalAddress=ac-hcgwwvf-shard-00-00.hudunkj.mongodb.net:27017, hosts=[ac-hcgwwvf-shard-00-01.hudunkj.mongodb.net:27017, ac-hcgwwvf-shard-00-02.hudunkj.mongodb.net:27017, ac-hcgwwvf-shard-00-00.hudunkj.mongodb.net:27017], passives=[], arbiters=[], primary='ac-hcgwwvf-shard-00-02.hudunkj.mongodb.net:27017', tagSet=TagSet{[Tag{name='availabilityZone', value='aps1-az1'}, Tag{name='diskState', value='READY'}, Tag{name='nodeType', value='ELECTABLE'}, Tag{name='provider', value='AWS'}, Tag{name='region', value='AP_SOUTH_1'}, Tag{name='workloadType', value='OPERATIONAL'}]}, electionId=null, setVersion=28, topologyVersion=TopologyVersion{processId=66a400a038c459b7ea906c46, counter=4}, lastWriteDate=Mon Jul 29 13:06:41 IST 2024, lastUpdateTimeNanos=18908728893736}
2024-07-29T13:06:41.876+05:30  INFO 16761 --- [workflowManagement] [ngodb.net:27017] org.mongodb.driver.cluster               : Monitor thread successfully connected to server with description ServerDescription{address=ac-hcgwwvf-shard-00-02.hudunkj.mongodb.net:27017, type=REPLICA_SET_PRIMARY, state=CONNECTED, ok=true, minWireVersion=0, maxWireVersion=21, maxDocumentSize=16777216, logicalSessionTimeoutMinutes=30, roundTripTimeNanos=160780475, setName='atlas-13syu1-shard-0', canonicalAddress=ac-hcgwwvf-shard-00-02.hudunkj.mongodb.net:27017, hosts=[ac-hcgwwvf-shard-00-01.hudunkj.mongodb.net:27017, ac-hcgwwvf-shard-00-02.hudunkj.mongodb.net:27017, ac-hcgwwvf-shard-00-00.hudunkj.mongodb.net:27017], passives=[], arbiters=[], primary='ac-hcgwwvf-shard-00-02.hudunkj.mongodb.net:27017', tagSet=TagSet{[Tag{name='availabilityZone', value='aps1-az2'}, Tag{name='diskState', value='READY'}, Tag{name='nodeType', value='ELECTABLE'}, Tag{name='provider', value='AWS'}, Tag{name='region', value='AP_SOUTH_1'}, Tag{name='workloadType', value='OPERATIONAL'}]}, electionId=7fffffff0000000000000402, setVersion=28, topologyVersion=TopologyVersion{processId=66a3ffcad34a878809ae8156, counter=6}, lastWriteDate=Mon Jul 29 13:06:41 IST 2024, lastUpdateTimeNanos=18908788908712}
2024-07-29T13:06:41.879+05:30  INFO 16761 --- [workflowManagement] [ngodb.net:27017] org.mongodb.driver.cluster               : Discovered replica set primary ac-hcgwwvf-shard-00-02.hudunkj.mongodb.net:27017 with max election id 7fffffff0000000000000402 and max set version 28
2024-07-29T13:06:41.897+05:30  INFO 16761 --- [workflowManagement] [           main] c.e.w.WorkflowManagementApplicationTests : Started WorkflowManagementApplicationTests in 1.73 seconds (process running for 2.242)
]]></system-out>
    <system-err><![CDATA[WARNING: A Java agent has been loaded dynamically (/home/anuj/.m2/repository/net/bytebuddy/byte-buddy-agent/1.14.18/byte-buddy-agent-1.14.18.jar)
WARNING: If a serviceability tool is in use, please run with -XX:+EnableDynamicAgentLoading to hide this warning
WARNING: If a serviceability tool is not in use, please run with -Djdk.instrument.traceUsage for more information
WARNING: Dynamic loading of agents will be disallowed by default in a future release
]]></system-err>
  </testcase>
</testsuite>